Determining if the pthread_create exist failed with the following output:
Change Dir: /home/urakawa/catkin_ws/src/zed/sample/camera streaming/sender/build/CMakeFiles/CMakeTmp

Run Build Command:"/usr/bin/make" "cmTC_af86c/fast"
/usr/bin/make -f CMakeFiles/cmTC_af86c.dir/build.make CMakeFiles/cmTC_af86c.dir/build
make[1]: ディレクトリ '/home/urakawa/catkin_ws/src/zed/sample/camera streaming/sender/build/CMakeFiles/CMakeTmp' に入ります
Building C object CMakeFiles/cmTC_af86c.dir/CheckSymbolExists.c.o
/usr/bin/cc    -o CMakeFiles/cmTC_af86c.dir/CheckSymbolExists.c.o   -c "/home/urakawa/catkin_ws/src/zed/sample/camera streaming/sender/build/CMakeFiles/CMakeTmp/CheckSymbolExists.c"
Linking C executable cmTC_af86c
/usr/bin/cmake -E cmake_link_script CMakeFiles/cmTC_af86c.dir/link.txt --verbose=1
/usr/bin/cc      -rdynamic CMakeFiles/cmTC_af86c.dir/CheckSymbolExists.c.o  -o cmTC_af86c 
CMakeFiles/cmTC_af86c.dir/CheckSymbolExists.c.o: 関数 `main' 内:
CheckSymbolExists.c:(.text+0x1b): `pthread_create' に対する定義されていない参照です
collect2: error: ld returned 1 exit status
CMakeFiles/cmTC_af86c.dir/build.make:97: recipe for target 'cmTC_af86c' failed
make[1]: *** [cmTC_af86c] Error 1
make[1]: ディレクトリ '/home/urakawa/catkin_ws/src/zed/sample/camera streaming/sender/build/CMakeFiles/CMakeTmp' から出ます
Makefile:126: recipe for target 'cmTC_af86c/fast' failed
make: *** [cmTC_af86c/fast] Error 2

File /home/urakawa/catkin_ws/src/zed/sample/camera streaming/sender/build/CMakeFiles/CMakeTmp/CheckSymbolExists.c:
/* */
#include <pthread.h>

int main(int argc, char** argv)
{
  (void)argv;
#ifndef pthread_create
  return ((int*)(&pthread_create))[argc];
#else
  (void)argc;
  return 0;
#endif
}

Determining if the function pthread_create exists in the pthreads failed with the following output:
Change Dir: /home/urakawa/catkin_ws/src/zed/sample/camera streaming/sender/build/CMakeFiles/CMakeTmp

Run Build Command:"/usr/bin/make" "cmTC_07814/fast"
/usr/bin/make -f CMakeFiles/cmTC_07814.dir/build.make CMakeFiles/cmTC_07814.dir/build
make[1]: ディレクトリ '/home/urakawa/catkin_ws/src/zed/sample/camera streaming/sender/build/CMakeFiles/CMakeTmp' に入ります
Building C object CMakeFiles/cmTC_07814.dir/CheckFunctionExists.c.o
/usr/bin/cc   -DCHECK_FUNCTION_EXISTS=pthread_create   -o CMakeFiles/cmTC_07814.dir/CheckFunctionExists.c.o   -c /usr/share/cmake-3.10/Modules/CheckFunctionExists.c
Linking C executable cmTC_07814
/usr/bin/cmake -E cmake_link_script CMakeFiles/cmTC_07814.dir/link.txt --verbose=1
/usr/bin/cc  -DCHECK_FUNCTION_EXISTS=pthread_create    -rdynamic CMakeFiles/cmTC_07814.dir/CheckFunctionExists.c.o  -o cmTC_07814 -lpthreads 
/usr/bin/ld: -lpthreads が見つかりません
collect2: error: ld returned 1 exit status
CMakeFiles/cmTC_07814.dir/build.make:97: recipe for target 'cmTC_07814' failed
make[1]: *** [cmTC_07814] Error 1
make[1]: ディレクトリ '/home/urakawa/catkin_ws/src/zed/sample/camera streaming/sender/build/CMakeFiles/CMakeTmp' から出ます
Makefile:126: recipe for target 'cmTC_07814/fast' failed
make: *** [cmTC_07814/fast] Error 2


